[0.081s] DEBUG:colcon:Command line arguments: ['/usr/bin/colcon', 'build', '--symlink-install']
[0.081s] DEBUG:colcon:Parsed command line arguments: Namespace(log_base=None, log_level=None, verb_name='build', build_base='build', install_base='install', merge_install=False, symlink_install=True, test_result_base=None, continue_on_error=False, executor='parallel', parallel_workers=22, event_handlers=None, ignore_user_meta=False, metas=['./colcon.meta'], base_paths=['.'], packages_ignore=None, packages_ignore_regex=None, paths=None, packages_up_to=None, packages_up_to_regex=None, packages_above=None, packages_above_and_dependencies=None, packages_above_depth=None, packages_select_by_dep=None, packages_skip_by_dep=None, packages_skip_up_to=None, packages_select_build_failed=False, packages_skip_build_finished=False, packages_select_test_failures=False, packages_skip_test_passed=False, packages_select=None, packages_skip=None, packages_select_regex=None, packages_skip_regex=None, packages_start=None, packages_end=None, allow_overriding=[], cmake_args=None, cmake_target=None, cmake_target_skip_unavailable=False, cmake_clean_cache=False, cmake_clean_first=False, cmake_force_configure=False, ament_cmake_args=None, catkin_cmake_args=None, catkin_skip_building_tests=False, verb_parser=<colcon_defaults.argument_parser.defaults.DefaultArgumentsDecorator object at 0x756318558b60>, verb_extension=<colcon_core.verb.build.BuildVerb object at 0x756318558b30>, main=<bound method BuildVerb.main of <colcon_core.verb.build.BuildVerb object at 0x756318558b30>>)
[0.111s] Level 1:colcon.colcon_core.package_discovery:discover_packages(colcon_meta) check parameters
[0.111s] Level 1:colcon.colcon_core.package_discovery:discover_packages(recursive) check parameters
[0.111s] Level 1:colcon.colcon_core.package_discovery:discover_packages(ignore) check parameters
[0.111s] Level 1:colcon.colcon_core.package_discovery:discover_packages(path) check parameters
[0.111s] Level 1:colcon.colcon_core.package_discovery:discover_packages(colcon_meta) discover
[0.111s] Level 1:colcon.colcon_core.package_discovery:discover_packages(recursive) discover
[0.111s] INFO:colcon.colcon_core.package_discovery:Crawling recursively for packages in '/home/kimseongmin/irdl_ws/src/irdl_tutorial/playground'
[0.111s] Level 1:colcon.colcon_core.package_identification:_identify(.) by extensions ['ignore', 'ignore_ament_install']
[0.111s] Level 1:colcon.colcon_core.package_identification:_identify(.) by extension 'ignore'
[0.111s] Level 1:colcon.colcon_core.package_identification:_identify(.) by extension 'ignore_ament_install'
[0.111s] Level 1:colcon.colcon_core.package_identification:_identify(.) by extensions ['colcon_pkg']
[0.111s] Level 1:colcon.colcon_core.package_identification:_identify(.) by extension 'colcon_pkg'
[0.111s] Level 1:colcon.colcon_core.package_identification:_identify(.) by extensions ['colcon_meta']
[0.111s] Level 1:colcon.colcon_core.package_identification:_identify(.) by extension 'colcon_meta'
[0.111s] Level 1:colcon.colcon_core.package_identification:_identify(.) by extensions ['ros']
[0.111s] Level 1:colcon.colcon_core.package_identification:_identify(.) by extension 'ros'
[0.126s] Level 1:colcon.colcon_core.package_identification:_identify(.) by extensions ['cmake', 'python']
[0.126s] Level 1:colcon.colcon_core.package_identification:_identify(.) by extension 'cmake'
[0.126s] Level 1:colcon.colcon_core.package_identification:_identify(.) by extension 'python'
[0.126s] Level 1:colcon.colcon_core.package_identification:_identify(.) by extensions ['python_setup_py']
[0.126s] Level 1:colcon.colcon_core.package_identification:_identify(.) by extension 'python_setup_py'
[0.126s] Level 1:colcon.colcon_core.package_identification:_identify(build) by extensions ['ignore', 'ignore_ament_install']
[0.126s] Level 1:colcon.colcon_core.package_identification:_identify(build) by extension 'ignore'
[0.126s] Level 1:colcon.colcon_core.package_identification:_identify(build) ignored
[0.126s] Level 1:colcon.colcon_core.package_identification:_identify(example) by extensions ['ignore', 'ignore_ament_install']
[0.126s] Level 1:colcon.colcon_core.package_identification:_identify(example) by extension 'ignore'
[0.126s] Level 1:colcon.colcon_core.package_identification:_identify(example) by extension 'ignore_ament_install'
[0.126s] Level 1:colcon.colcon_core.package_identification:_identify(example) by extensions ['colcon_pkg']
[0.126s] Level 1:colcon.colcon_core.package_identification:_identify(example) by extension 'colcon_pkg'
[0.126s] Level 1:colcon.colcon_core.package_identification:_identify(example) by extensions ['colcon_meta']
[0.126s] Level 1:colcon.colcon_core.package_identification:_identify(example) by extension 'colcon_meta'
[0.126s] Level 1:colcon.colcon_core.package_identification:_identify(example) by extensions ['ros']
[0.126s] Level 1:colcon.colcon_core.package_identification:_identify(example) by extension 'ros'
[0.126s] Level 1:colcon.colcon_core.package_identification:_identify(example) by extensions ['cmake', 'python']
[0.126s] Level 1:colcon.colcon_core.package_identification:_identify(example) by extension 'cmake'
[0.126s] Level 1:colcon.colcon_core.package_identification:_identify(example) by extension 'python'
[0.126s] Level 1:colcon.colcon_core.package_identification:_identify(example) by extensions ['python_setup_py']
[0.126s] Level 1:colcon.colcon_core.package_identification:_identify(example) by extension 'python_setup_py'
[0.126s] Level 1:colcon.colcon_core.package_identification:_identify(example/example_cpp_node) by extensions ['ignore', 'ignore_ament_install']
[0.126s] Level 1:colcon.colcon_core.package_identification:_identify(example/example_cpp_node) by extension 'ignore'
[0.126s] Level 1:colcon.colcon_core.package_identification:_identify(example/example_cpp_node) by extension 'ignore_ament_install'
[0.126s] Level 1:colcon.colcon_core.package_identification:_identify(example/example_cpp_node) by extensions ['colcon_pkg']
[0.126s] Level 1:colcon.colcon_core.package_identification:_identify(example/example_cpp_node) by extension 'colcon_pkg'
[0.126s] Level 1:colcon.colcon_core.package_identification:_identify(example/example_cpp_node) by extensions ['colcon_meta']
[0.126s] Level 1:colcon.colcon_core.package_identification:_identify(example/example_cpp_node) by extension 'colcon_meta'
[0.126s] Level 1:colcon.colcon_core.package_identification:_identify(example/example_cpp_node) by extensions ['ros']
[0.126s] Level 1:colcon.colcon_core.package_identification:_identify(example/example_cpp_node) by extension 'ros'
[0.129s] DEBUG:colcon.colcon_core.package_identification:Package 'example/example_cpp_node' with type 'ros.ament_cmake' and name 'example_cpp_node'
[0.129s] Level 1:colcon.colcon_core.package_identification:_identify(example/fake_gps_pub_node) by extensions ['ignore', 'ignore_ament_install']
[0.129s] Level 1:colcon.colcon_core.package_identification:_identify(example/fake_gps_pub_node) by extension 'ignore'
[0.129s] Level 1:colcon.colcon_core.package_identification:_identify(example/fake_gps_pub_node) by extension 'ignore_ament_install'
[0.129s] Level 1:colcon.colcon_core.package_identification:_identify(example/fake_gps_pub_node) by extensions ['colcon_pkg']
[0.129s] Level 1:colcon.colcon_core.package_identification:_identify(example/fake_gps_pub_node) by extension 'colcon_pkg'
[0.129s] Level 1:colcon.colcon_core.package_identification:_identify(example/fake_gps_pub_node) by extensions ['colcon_meta']
[0.129s] Level 1:colcon.colcon_core.package_identification:_identify(example/fake_gps_pub_node) by extension 'colcon_meta'
[0.129s] Level 1:colcon.colcon_core.package_identification:_identify(example/fake_gps_pub_node) by extensions ['ros']
[0.129s] Level 1:colcon.colcon_core.package_identification:_identify(example/fake_gps_pub_node) by extension 'ros'
[0.130s] DEBUG:colcon.colcon_core.package_identification:Package 'example/fake_gps_pub_node' with type 'ros.ament_cmake' and name 'fake_gps_pub_node'
[0.130s] Level 1:colcon.colcon_core.package_identification:_identify(example/gps_to_utm_node) by extensions ['ignore', 'ignore_ament_install']
[0.130s] Level 1:colcon.colcon_core.package_identification:_identify(example/gps_to_utm_node) by extension 'ignore'
[0.130s] Level 1:colcon.colcon_core.package_identification:_identify(example/gps_to_utm_node) by extension 'ignore_ament_install'
[0.130s] Level 1:colcon.colcon_core.package_identification:_identify(example/gps_to_utm_node) by extensions ['colcon_pkg']
[0.130s] Level 1:colcon.colcon_core.package_identification:_identify(example/gps_to_utm_node) by extension 'colcon_pkg'
[0.130s] Level 1:colcon.colcon_core.package_identification:_identify(example/gps_to_utm_node) by extensions ['colcon_meta']
[0.130s] Level 1:colcon.colcon_core.package_identification:_identify(example/gps_to_utm_node) by extension 'colcon_meta'
[0.130s] Level 1:colcon.colcon_core.package_identification:_identify(example/gps_to_utm_node) by extensions ['ros']
[0.130s] Level 1:colcon.colcon_core.package_identification:_identify(example/gps_to_utm_node) by extension 'ros'
[0.131s] DEBUG:colcon.colcon_core.package_identification:Package 'example/gps_to_utm_node' with type 'ros.ament_cmake' and name 'gps_to_utm_node'
[0.131s] Level 1:colcon.colcon_core.package_identification:_identify(example/radar_monitor_node) by extensions ['ignore', 'ignore_ament_install']
[0.131s] Level 1:colcon.colcon_core.package_identification:_identify(example/radar_monitor_node) by extension 'ignore'
[0.131s] Level 1:colcon.colcon_core.package_identification:_identify(example/radar_monitor_node) by extension 'ignore_ament_install'
[0.131s] Level 1:colcon.colcon_core.package_identification:_identify(example/radar_monitor_node) by extensions ['colcon_pkg']
[0.131s] Level 1:colcon.colcon_core.package_identification:_identify(example/radar_monitor_node) by extension 'colcon_pkg'
[0.131s] Level 1:colcon.colcon_core.package_identification:_identify(example/radar_monitor_node) by extensions ['colcon_meta']
[0.131s] Level 1:colcon.colcon_core.package_identification:_identify(example/radar_monitor_node) by extension 'colcon_meta'
[0.131s] Level 1:colcon.colcon_core.package_identification:_identify(example/radar_monitor_node) by extensions ['ros']
[0.131s] Level 1:colcon.colcon_core.package_identification:_identify(example/radar_monitor_node) by extension 'ros'
[0.131s] DEBUG:colcon.colcon_core.package_identification:Package 'example/radar_monitor_node' with type 'ros.ament_cmake' and name 'radar_monitor_node'
[0.132s] Level 1:colcon.colcon_core.package_identification:_identify(example/radar_system_node) by extensions ['ignore', 'ignore_ament_install']
[0.132s] Level 1:colcon.colcon_core.package_identification:_identify(example/radar_system_node) by extension 'ignore'
[0.132s] Level 1:colcon.colcon_core.package_identification:_identify(example/radar_system_node) by extension 'ignore_ament_install'
[0.132s] Level 1:colcon.colcon_core.package_identification:_identify(example/radar_system_node) by extensions ['colcon_pkg']
[0.132s] Level 1:colcon.colcon_core.package_identification:_identify(example/radar_system_node) by extension 'colcon_pkg'
[0.132s] Level 1:colcon.colcon_core.package_identification:_identify(example/radar_system_node) by extensions ['colcon_meta']
[0.132s] Level 1:colcon.colcon_core.package_identification:_identify(example/radar_system_node) by extension 'colcon_meta'
[0.132s] Level 1:colcon.colcon_core.package_identification:_identify(example/radar_system_node) by extensions ['ros']
[0.132s] Level 1:colcon.colcon_core.package_identification:_identify(example/radar_system_node) by extension 'ros'
[0.132s] DEBUG:colcon.colcon_core.package_identification:Package 'example/radar_system_node' with type 'ros.ament_cmake' and name 'radar_system_node'
[0.132s] Level 1:colcon.colcon_core.package_identification:_identify(example/random_flight_gps_node) by extensions ['ignore', 'ignore_ament_install']
[0.132s] Level 1:colcon.colcon_core.package_identification:_identify(example/random_flight_gps_node) by extension 'ignore'
[0.132s] Level 1:colcon.colcon_core.package_identification:_identify(example/random_flight_gps_node) by extension 'ignore_ament_install'
[0.132s] Level 1:colcon.colcon_core.package_identification:_identify(example/random_flight_gps_node) by extensions ['colcon_pkg']
[0.132s] Level 1:colcon.colcon_core.package_identification:_identify(example/random_flight_gps_node) by extension 'colcon_pkg'
[0.132s] Level 1:colcon.colcon_core.package_identification:_identify(example/random_flight_gps_node) by extensions ['colcon_meta']
[0.132s] Level 1:colcon.colcon_core.package_identification:_identify(example/random_flight_gps_node) by extension 'colcon_meta'
[0.132s] Level 1:colcon.colcon_core.package_identification:_identify(example/random_flight_gps_node) by extensions ['ros']
[0.132s] Level 1:colcon.colcon_core.package_identification:_identify(example/random_flight_gps_node) by extension 'ros'
[0.133s] DEBUG:colcon.colcon_core.package_identification:Package 'example/random_flight_gps_node' with type 'ros.ament_cmake' and name 'random_flight_gps_node'
[0.133s] Level 1:colcon.colcon_core.package_identification:_identify(example2) by extensions ['ignore', 'ignore_ament_install']
[0.133s] Level 1:colcon.colcon_core.package_identification:_identify(example2) by extension 'ignore'
[0.133s] Level 1:colcon.colcon_core.package_identification:_identify(example2) by extension 'ignore_ament_install'
[0.133s] Level 1:colcon.colcon_core.package_identification:_identify(example2) by extensions ['colcon_pkg']
[0.133s] Level 1:colcon.colcon_core.package_identification:_identify(example2) by extension 'colcon_pkg'
[0.133s] Level 1:colcon.colcon_core.package_identification:_identify(example2) by extensions ['colcon_meta']
[0.133s] Level 1:colcon.colcon_core.package_identification:_identify(example2) by extension 'colcon_meta'
[0.133s] Level 1:colcon.colcon_core.package_identification:_identify(example2) by extensions ['ros']
[0.133s] Level 1:colcon.colcon_core.package_identification:_identify(example2) by extension 'ros'
[0.133s] Level 1:colcon.colcon_core.package_identification:_identify(example2) by extensions ['cmake', 'python']
[0.133s] Level 1:colcon.colcon_core.package_identification:_identify(example2) by extension 'cmake'
[0.133s] Level 1:colcon.colcon_core.package_identification:_identify(example2) by extension 'python'
[0.133s] Level 1:colcon.colcon_core.package_identification:_identify(example2) by extensions ['python_setup_py']
[0.133s] Level 1:colcon.colcon_core.package_identification:_identify(example2) by extension 'python_setup_py'
[0.133s] Level 1:colcon.colcon_core.package_identification:_identify(example2/intruder_node) by extensions ['ignore', 'ignore_ament_install']
[0.133s] Level 1:colcon.colcon_core.package_identification:_identify(example2/intruder_node) by extension 'ignore'
[0.133s] Level 1:colcon.colcon_core.package_identification:_identify(example2/intruder_node) by extension 'ignore_ament_install'
[0.133s] Level 1:colcon.colcon_core.package_identification:_identify(example2/intruder_node) by extensions ['colcon_pkg']
[0.133s] Level 1:colcon.colcon_core.package_identification:_identify(example2/intruder_node) by extension 'colcon_pkg'
[0.133s] Level 1:colcon.colcon_core.package_identification:_identify(example2/intruder_node) by extensions ['colcon_meta']
[0.133s] Level 1:colcon.colcon_core.package_identification:_identify(example2/intruder_node) by extension 'colcon_meta'
[0.133s] Level 1:colcon.colcon_core.package_identification:_identify(example2/intruder_node) by extensions ['ros']
[0.133s] Level 1:colcon.colcon_core.package_identification:_identify(example2/intruder_node) by extension 'ros'
[0.133s] DEBUG:colcon.colcon_core.package_identification:Package 'example2/intruder_node' with type 'ros.ament_cmake' and name 'intruder_node'
[0.133s] Level 1:colcon.colcon_core.package_identification:_identify(example2/ownship_node) by extensions ['ignore', 'ignore_ament_install']
[0.134s] Level 1:colcon.colcon_core.package_identification:_identify(example2/ownship_node) by extension 'ignore'
[0.134s] Level 1:colcon.colcon_core.package_identification:_identify(example2/ownship_node) by extension 'ignore_ament_install'
[0.134s] Level 1:colcon.colcon_core.package_identification:_identify(example2/ownship_node) by extensions ['colcon_pkg']
[0.134s] Level 1:colcon.colcon_core.package_identification:_identify(example2/ownship_node) by extension 'colcon_pkg'
[0.134s] Level 1:colcon.colcon_core.package_identification:_identify(example2/ownship_node) by extensions ['colcon_meta']
[0.134s] Level 1:colcon.colcon_core.package_identification:_identify(example2/ownship_node) by extension 'colcon_meta'
[0.134s] Level 1:colcon.colcon_core.package_identification:_identify(example2/ownship_node) by extensions ['ros']
[0.134s] Level 1:colcon.colcon_core.package_identification:_identify(example2/ownship_node) by extension 'ros'
[0.134s] DEBUG:colcon.colcon_core.package_identification:Package 'example2/ownship_node' with type 'ros.ament_cmake' and name 'ownship_node'
[0.134s] Level 1:colcon.colcon_core.package_identification:_identify(example2/radar_node) by extensions ['ignore', 'ignore_ament_install']
[0.134s] Level 1:colcon.colcon_core.package_identification:_identify(example2/radar_node) by extension 'ignore'
[0.134s] Level 1:colcon.colcon_core.package_identification:_identify(example2/radar_node) by extension 'ignore_ament_install'
[0.134s] Level 1:colcon.colcon_core.package_identification:_identify(example2/radar_node) by extensions ['colcon_pkg']
[0.134s] Level 1:colcon.colcon_core.package_identification:_identify(example2/radar_node) by extension 'colcon_pkg'
[0.134s] Level 1:colcon.colcon_core.package_identification:_identify(example2/radar_node) by extensions ['colcon_meta']
[0.134s] Level 1:colcon.colcon_core.package_identification:_identify(example2/radar_node) by extension 'colcon_meta'
[0.134s] Level 1:colcon.colcon_core.package_identification:_identify(example2/radar_node) by extensions ['ros']
[0.134s] Level 1:colcon.colcon_core.package_identification:_identify(example2/radar_node) by extension 'ros'
[0.135s] DEBUG:colcon.colcon_core.package_identification:Package 'example2/radar_node' with type 'ros.ament_cmake' and name 'radar_node'
[0.135s] Level 1:colcon.colcon_core.package_identification:_identify(install) by extensions ['ignore', 'ignore_ament_install']
[0.135s] Level 1:colcon.colcon_core.package_identification:_identify(install) by extension 'ignore'
[0.135s] Level 1:colcon.colcon_core.package_identification:_identify(install) ignored
[0.135s] Level 1:colcon.colcon_core.package_identification:_identify(log) by extensions ['ignore', 'ignore_ament_install']
[0.135s] Level 1:colcon.colcon_core.package_identification:_identify(log) by extension 'ignore'
[0.135s] Level 1:colcon.colcon_core.package_identification:_identify(log) ignored
[0.135s] Level 1:colcon.colcon_core.package_identification:_identify(uni_node) by extensions ['ignore', 'ignore_ament_install']
[0.135s] Level 1:colcon.colcon_core.package_identification:_identify(uni_node) by extension 'ignore'
[0.135s] Level 1:colcon.colcon_core.package_identification:_identify(uni_node) by extension 'ignore_ament_install'
[0.135s] Level 1:colcon.colcon_core.package_identification:_identify(uni_node) by extensions ['colcon_pkg']
[0.135s] Level 1:colcon.colcon_core.package_identification:_identify(uni_node) by extension 'colcon_pkg'
[0.135s] Level 1:colcon.colcon_core.package_identification:_identify(uni_node) by extensions ['colcon_meta']
[0.135s] Level 1:colcon.colcon_core.package_identification:_identify(uni_node) by extension 'colcon_meta'
[0.135s] Level 1:colcon.colcon_core.package_identification:_identify(uni_node) by extensions ['ros']
[0.135s] Level 1:colcon.colcon_core.package_identification:_identify(uni_node) by extension 'ros'
[0.136s] DEBUG:colcon.colcon_core.package_identification:Package 'uni_node' with type 'ros.ament_cmake' and name 'uni_node'
[0.136s] Level 1:colcon.colcon_core.package_discovery:discover_packages(recursive) using defaults
[0.136s] Level 1:colcon.colcon_core.package_discovery:discover_packages(ignore) discover
[0.136s] Level 1:colcon.colcon_core.package_discovery:discover_packages(ignore) using defaults
[0.136s] Level 1:colcon.colcon_core.package_discovery:discover_packages(path) discover
[0.136s] Level 1:colcon.colcon_core.package_discovery:discover_packages(path) using defaults
[0.149s] Level 1:colcon.colcon_core.package_discovery:discover_packages(prefix_path) check parameters
[0.149s] Level 1:colcon.colcon_core.package_discovery:discover_packages(prefix_path) discover
[0.150s] Level 1:colcon.colcon_core.package_discovery:discover_packages(prefix_path) using defaults
[0.150s] Level 5:colcon.colcon_core.verb:set package 'example_cpp_node' build argument 'cmake_args' from command line to 'None'
[0.150s] Level 5:colcon.colcon_core.verb:set package 'example_cpp_node' build argument 'cmake_target' from command line to 'None'
[0.150s] Level 5:colcon.colcon_core.verb:set package 'example_cpp_node' build argument 'cmake_target_skip_unavailable' from command line to 'False'
[0.150s] Level 5:colcon.colcon_core.verb:set package 'example_cpp_node' build argument 'cmake_clean_cache' from command line to 'False'
[0.150s] Level 5:colcon.colcon_core.verb:set package 'example_cpp_node' build argument 'cmake_clean_first' from command line to 'False'
[0.150s] Level 5:colcon.colcon_core.verb:set package 'example_cpp_node' build argument 'cmake_force_configure' from command line to 'False'
[0.150s] Level 5:colcon.colcon_core.verb:set package 'example_cpp_node' build argument 'ament_cmake_args' from command line to 'None'
[0.150s] Level 5:colcon.colcon_core.verb:set package 'example_cpp_node' build argument 'catkin_cmake_args' from command line to 'None'
[0.150s] Level 5:colcon.colcon_core.verb:set package 'example_cpp_node' build argument 'catkin_skip_building_tests' from command line to 'False'
[0.150s] DEBUG:colcon.colcon_core.verb:Building package 'example_cpp_node' with the following arguments: {'ament_cmake_args': None, 'build_base': '/home/kimseongmin/irdl_ws/src/irdl_tutorial/playground/build/example_cpp_node', 'catkin_cmake_args': None, 'catkin_skip_building_tests': False, 'cmake_args': None, 'cmake_clean_cache': False, 'cmake_clean_first': False, 'cmake_force_configure': False, 'cmake_target': None, 'cmake_target_skip_unavailable': False, 'install_base': '/home/kimseongmin/irdl_ws/src/irdl_tutorial/playground/install/example_cpp_node', 'merge_install': False, 'path': '/home/kimseongmin/irdl_ws/src/irdl_tutorial/playground/example/example_cpp_node', 'symlink_install': True, 'test_result_base': None}
[0.151s] Level 5:colcon.colcon_core.verb:set package 'fake_gps_pub_node' build argument 'cmake_args' from command line to 'None'
[0.151s] Level 5:colcon.colcon_core.verb:set package 'fake_gps_pub_node' build argument 'cmake_target' from command line to 'None'
[0.151s] Level 5:colcon.colcon_core.verb:set package 'fake_gps_pub_node' build argument 'cmake_target_skip_unavailable' from command line to 'False'
[0.151s] Level 5:colcon.colcon_core.verb:set package 'fake_gps_pub_node' build argument 'cmake_clean_cache' from command line to 'False'
[0.151s] Level 5:colcon.colcon_core.verb:set package 'fake_gps_pub_node' build argument 'cmake_clean_first' from command line to 'False'
[0.151s] Level 5:colcon.colcon_core.verb:set package 'fake_gps_pub_node' build argument 'cmake_force_configure' from command line to 'False'
[0.151s] Level 5:colcon.colcon_core.verb:set package 'fake_gps_pub_node' build argument 'ament_cmake_args' from command line to 'None'
[0.151s] Level 5:colcon.colcon_core.verb:set package 'fake_gps_pub_node' build argument 'catkin_cmake_args' from command line to 'None'
[0.151s] Level 5:colcon.colcon_core.verb:set package 'fake_gps_pub_node' build argument 'catkin_skip_building_tests' from command line to 'False'
[0.151s] DEBUG:colcon.colcon_core.verb:Building package 'fake_gps_pub_node' with the following arguments: {'ament_cmake_args': None, 'build_base': '/home/kimseongmin/irdl_ws/src/irdl_tutorial/playground/build/fake_gps_pub_node', 'catkin_cmake_args': None, 'catkin_skip_building_tests': False, 'cmake_args': None, 'cmake_clean_cache': False, 'cmake_clean_first': False, 'cmake_force_configure': False, 'cmake_target': None, 'cmake_target_skip_unavailable': False, 'install_base': '/home/kimseongmin/irdl_ws/src/irdl_tutorial/playground/install/fake_gps_pub_node', 'merge_install': False, 'path': '/home/kimseongmin/irdl_ws/src/irdl_tutorial/playground/example/fake_gps_pub_node', 'symlink_install': True, 'test_result_base': None}
[0.151s] Level 5:colcon.colcon_core.verb:set package 'gps_to_utm_node' build argument 'cmake_args' from command line to 'None'
[0.151s] Level 5:colcon.colcon_core.verb:set package 'gps_to_utm_node' build argument 'cmake_target' from command line to 'None'
[0.151s] Level 5:colcon.colcon_core.verb:set package 'gps_to_utm_node' build argument 'cmake_target_skip_unavailable' from command line to 'False'
[0.151s] Level 5:colcon.colcon_core.verb:set package 'gps_to_utm_node' build argument 'cmake_clean_cache' from command line to 'False'
[0.151s] Level 5:colcon.colcon_core.verb:set package 'gps_to_utm_node' build argument 'cmake_clean_first' from command line to 'False'
[0.151s] Level 5:colcon.colcon_core.verb:set package 'gps_to_utm_node' build argument 'cmake_force_configure' from command line to 'False'
[0.151s] Level 5:colcon.colcon_core.verb:set package 'gps_to_utm_node' build argument 'ament_cmake_args' from command line to 'None'
[0.151s] Level 5:colcon.colcon_core.verb:set package 'gps_to_utm_node' build argument 'catkin_cmake_args' from command line to 'None'
[0.151s] Level 5:colcon.colcon_core.verb:set package 'gps_to_utm_node' build argument 'catkin_skip_building_tests' from command line to 'False'
[0.151s] DEBUG:colcon.colcon_core.verb:Building package 'gps_to_utm_node' with the following arguments: {'ament_cmake_args': None, 'build_base': '/home/kimseongmin/irdl_ws/src/irdl_tutorial/playground/build/gps_to_utm_node', 'catkin_cmake_args': None, 'catkin_skip_building_tests': False, 'cmake_args': None, 'cmake_clean_cache': False, 'cmake_clean_first': False, 'cmake_force_configure': False, 'cmake_target': None, 'cmake_target_skip_unavailable': False, 'install_base': '/home/kimseongmin/irdl_ws/src/irdl_tutorial/playground/install/gps_to_utm_node', 'merge_install': False, 'path': '/home/kimseongmin/irdl_ws/src/irdl_tutorial/playground/example/gps_to_utm_node', 'symlink_install': True, 'test_result_base': None}
[0.151s] Level 5:colcon.colcon_core.verb:set package 'intruder_node' build argument 'cmake_args' from command line to 'None'
[0.151s] Level 5:colcon.colcon_core.verb:set package 'intruder_node' build argument 'cmake_target' from command line to 'None'
[0.151s] Level 5:colcon.colcon_core.verb:set package 'intruder_node' build argument 'cmake_target_skip_unavailable' from command line to 'False'
[0.151s] Level 5:colcon.colcon_core.verb:set package 'intruder_node' build argument 'cmake_clean_cache' from command line to 'False'
[0.151s] Level 5:colcon.colcon_core.verb:set package 'intruder_node' build argument 'cmake_clean_first' from command line to 'False'
[0.151s] Level 5:colcon.colcon_core.verb:set package 'intruder_node' build argument 'cmake_force_configure' from command line to 'False'
[0.151s] Level 5:colcon.colcon_core.verb:set package 'intruder_node' build argument 'ament_cmake_args' from command line to 'None'
[0.151s] Level 5:colcon.colcon_core.verb:set package 'intruder_node' build argument 'catkin_cmake_args' from command line to 'None'
[0.151s] Level 5:colcon.colcon_core.verb:set package 'intruder_node' build argument 'catkin_skip_building_tests' from command line to 'False'
[0.151s] DEBUG:colcon.colcon_core.verb:Building package 'intruder_node' with the following arguments: {'ament_cmake_args': None, 'build_base': '/home/kimseongmin/irdl_ws/src/irdl_tutorial/playground/build/intruder_node', 'catkin_cmake_args': None, 'catkin_skip_building_tests': False, 'cmake_args': None, 'cmake_clean_cache': False, 'cmake_clean_first': False, 'cmake_force_configure': False, 'cmake_target': None, 'cmake_target_skip_unavailable': False, 'install_base': '/home/kimseongmin/irdl_ws/src/irdl_tutorial/playground/install/intruder_node', 'merge_install': False, 'path': '/home/kimseongmin/irdl_ws/src/irdl_tutorial/playground/example2/intruder_node', 'symlink_install': True, 'test_result_base': None}
[0.151s] Level 5:colcon.colcon_core.verb:set package 'ownship_node' build argument 'cmake_args' from command line to 'None'
[0.151s] Level 5:colcon.colcon_core.verb:set package 'ownship_node' build argument 'cmake_target' from command line to 'None'
[0.151s] Level 5:colcon.colcon_core.verb:set package 'ownship_node' build argument 'cmake_target_skip_unavailable' from command line to 'False'
[0.151s] Level 5:colcon.colcon_core.verb:set package 'ownship_node' build argument 'cmake_clean_cache' from command line to 'False'
[0.151s] Level 5:colcon.colcon_core.verb:set package 'ownship_node' build argument 'cmake_clean_first' from command line to 'False'
[0.151s] Level 5:colcon.colcon_core.verb:set package 'ownship_node' build argument 'cmake_force_configure' from command line to 'False'
[0.151s] Level 5:colcon.colcon_core.verb:set package 'ownship_node' build argument 'ament_cmake_args' from command line to 'None'
[0.151s] Level 5:colcon.colcon_core.verb:set package 'ownship_node' build argument 'catkin_cmake_args' from command line to 'None'
[0.151s] Level 5:colcon.colcon_core.verb:set package 'ownship_node' build argument 'catkin_skip_building_tests' from command line to 'False'
[0.151s] DEBUG:colcon.colcon_core.verb:Building package 'ownship_node' with the following arguments: {'ament_cmake_args': None, 'build_base': '/home/kimseongmin/irdl_ws/src/irdl_tutorial/playground/build/ownship_node', 'catkin_cmake_args': None, 'catkin_skip_building_tests': False, 'cmake_args': None, 'cmake_clean_cache': False, 'cmake_clean_first': False, 'cmake_force_configure': False, 'cmake_target': None, 'cmake_target_skip_unavailable': False, 'install_base': '/home/kimseongmin/irdl_ws/src/irdl_tutorial/playground/install/ownship_node', 'merge_install': False, 'path': '/home/kimseongmin/irdl_ws/src/irdl_tutorial/playground/example2/ownship_node', 'symlink_install': True, 'test_result_base': None}
[0.151s] Level 5:colcon.colcon_core.verb:set package 'radar_monitor_node' build argument 'cmake_args' from command line to 'None'
[0.151s] Level 5:colcon.colcon_core.verb:set package 'radar_monitor_node' build argument 'cmake_target' from command line to 'None'
[0.151s] Level 5:colcon.colcon_core.verb:set package 'radar_monitor_node' build argument 'cmake_target_skip_unavailable' from command line to 'False'
[0.151s] Level 5:colcon.colcon_core.verb:set package 'radar_monitor_node' build argument 'cmake_clean_cache' from command line to 'False'
[0.151s] Level 5:colcon.colcon_core.verb:set package 'radar_monitor_node' build argument 'cmake_clean_first' from command line to 'False'
[0.151s] Level 5:colcon.colcon_core.verb:set package 'radar_monitor_node' build argument 'cmake_force_configure' from command line to 'False'
[0.151s] Level 5:colcon.colcon_core.verb:set package 'radar_monitor_node' build argument 'ament_cmake_args' from command line to 'None'
[0.151s] Level 5:colcon.colcon_core.verb:set package 'radar_monitor_node' build argument 'catkin_cmake_args' from command line to 'None'
[0.151s] Level 5:colcon.colcon_core.verb:set package 'radar_monitor_node' build argument 'catkin_skip_building_tests' from command line to 'False'
[0.151s] DEBUG:colcon.colcon_core.verb:Building package 'radar_monitor_node' with the following arguments: {'ament_cmake_args': None, 'build_base': '/home/kimseongmin/irdl_ws/src/irdl_tutorial/playground/build/radar_monitor_node', 'catkin_cmake_args': None, 'catkin_skip_building_tests': False, 'cmake_args': None, 'cmake_clean_cache': False, 'cmake_clean_first': False, 'cmake_force_configure': False, 'cmake_target': None, 'cmake_target_skip_unavailable': False, 'install_base': '/home/kimseongmin/irdl_ws/src/irdl_tutorial/playground/install/radar_monitor_node', 'merge_install': False, 'path': '/home/kimseongmin/irdl_ws/src/irdl_tutorial/playground/example/radar_monitor_node', 'symlink_install': True, 'test_result_base': None}
[0.152s] Level 5:colcon.colcon_core.verb:set package 'radar_node' build argument 'cmake_args' from command line to 'None'
[0.152s] Level 5:colcon.colcon_core.verb:set package 'radar_node' build argument 'cmake_target' from command line to 'None'
[0.152s] Level 5:colcon.colcon_core.verb:set package 'radar_node' build argument 'cmake_target_skip_unavailable' from command line to 'False'
[0.152s] Level 5:colcon.colcon_core.verb:set package 'radar_node' build argument 'cmake_clean_cache' from command line to 'False'
[0.152s] Level 5:colcon.colcon_core.verb:set package 'radar_node' build argument 'cmake_clean_first' from command line to 'False'
[0.152s] Level 5:colcon.colcon_core.verb:set package 'radar_node' build argument 'cmake_force_configure' from command line to 'False'
[0.152s] Level 5:colcon.colcon_core.verb:set package 'radar_node' build argument 'ament_cmake_args' from command line to 'None'
[0.152s] Level 5:colcon.colcon_core.verb:set package 'radar_node' build argument 'catkin_cmake_args' from command line to 'None'
[0.152s] Level 5:colcon.colcon_core.verb:set package 'radar_node' build argument 'catkin_skip_building_tests' from command line to 'False'
[0.152s] DEBUG:colcon.colcon_core.verb:Building package 'radar_node' with the following arguments: {'ament_cmake_args': None, 'build_base': '/home/kimseongmin/irdl_ws/src/irdl_tutorial/playground/build/radar_node', 'catkin_cmake_args': None, 'catkin_skip_building_tests': False, 'cmake_args': None, 'cmake_clean_cache': False, 'cmake_clean_first': False, 'cmake_force_configure': False, 'cmake_target': None, 'cmake_target_skip_unavailable': False, 'install_base': '/home/kimseongmin/irdl_ws/src/irdl_tutorial/playground/install/radar_node', 'merge_install': False, 'path': '/home/kimseongmin/irdl_ws/src/irdl_tutorial/playground/example2/radar_node', 'symlink_install': True, 'test_result_base': None}
[0.152s] Level 5:colcon.colcon_core.verb:set package 'radar_system_node' build argument 'cmake_args' from command line to 'None'
[0.152s] Level 5:colcon.colcon_core.verb:set package 'radar_system_node' build argument 'cmake_target' from command line to 'None'
[0.152s] Level 5:colcon.colcon_core.verb:set package 'radar_system_node' build argument 'cmake_target_skip_unavailable' from command line to 'False'
[0.152s] Level 5:colcon.colcon_core.verb:set package 'radar_system_node' build argument 'cmake_clean_cache' from command line to 'False'
[0.152s] Level 5:colcon.colcon_core.verb:set package 'radar_system_node' build argument 'cmake_clean_first' from command line to 'False'
[0.152s] Level 5:colcon.colcon_core.verb:set package 'radar_system_node' build argument 'cmake_force_configure' from command line to 'False'
[0.152s] Level 5:colcon.colcon_core.verb:set package 'radar_system_node' build argument 'ament_cmake_args' from command line to 'None'
[0.152s] Level 5:colcon.colcon_core.verb:set package 'radar_system_node' build argument 'catkin_cmake_args' from command line to 'None'
[0.152s] Level 5:colcon.colcon_core.verb:set package 'radar_system_node' build argument 'catkin_skip_building_tests' from command line to 'False'
[0.152s] DEBUG:colcon.colcon_core.verb:Building package 'radar_system_node' with the following arguments: {'ament_cmake_args': None, 'build_base': '/home/kimseongmin/irdl_ws/src/irdl_tutorial/playground/build/radar_system_node', 'catkin_cmake_args': None, 'catkin_skip_building_tests': False, 'cmake_args': None, 'cmake_clean_cache': False, 'cmake_clean_first': False, 'cmake_force_configure': False, 'cmake_target': None, 'cmake_target_skip_unavailable': False, 'install_base': '/home/kimseongmin/irdl_ws/src/irdl_tutorial/playground/install/radar_system_node', 'merge_install': False, 'path': '/home/kimseongmin/irdl_ws/src/irdl_tutorial/playground/example/radar_system_node', 'symlink_install': True, 'test_result_base': None}
[0.152s] Level 5:colcon.colcon_core.verb:set package 'random_flight_gps_node' build argument 'cmake_args' from command line to 'None'
[0.152s] Level 5:colcon.colcon_core.verb:set package 'random_flight_gps_node' build argument 'cmake_target' from command line to 'None'
[0.152s] Level 5:colcon.colcon_core.verb:set package 'random_flight_gps_node' build argument 'cmake_target_skip_unavailable' from command line to 'False'
[0.152s] Level 5:colcon.colcon_core.verb:set package 'random_flight_gps_node' build argument 'cmake_clean_cache' from command line to 'False'
[0.152s] Level 5:colcon.colcon_core.verb:set package 'random_flight_gps_node' build argument 'cmake_clean_first' from command line to 'False'
[0.152s] Level 5:colcon.colcon_core.verb:set package 'random_flight_gps_node' build argument 'cmake_force_configure' from command line to 'False'
[0.152s] Level 5:colcon.colcon_core.verb:set package 'random_flight_gps_node' build argument 'ament_cmake_args' from command line to 'None'
[0.152s] Level 5:colcon.colcon_core.verb:set package 'random_flight_gps_node' build argument 'catkin_cmake_args' from command line to 'None'
[0.152s] Level 5:colcon.colcon_core.verb:set package 'random_flight_gps_node' build argument 'catkin_skip_building_tests' from command line to 'False'
[0.152s] DEBUG:colcon.colcon_core.verb:Building package 'random_flight_gps_node' with the following arguments: {'ament_cmake_args': None, 'build_base': '/home/kimseongmin/irdl_ws/src/irdl_tutorial/playground/build/random_flight_gps_node', 'catkin_cmake_args': None, 'catkin_skip_building_tests': False, 'cmake_args': None, 'cmake_clean_cache': False, 'cmake_clean_first': False, 'cmake_force_configure': False, 'cmake_target': None, 'cmake_target_skip_unavailable': False, 'install_base': '/home/kimseongmin/irdl_ws/src/irdl_tutorial/playground/install/random_flight_gps_node', 'merge_install': False, 'path': '/home/kimseongmin/irdl_ws/src/irdl_tutorial/playground/example/random_flight_gps_node', 'symlink_install': True, 'test_result_base': None}
[0.152s] Level 5:colcon.colcon_core.verb:set package 'uni_node' build argument 'cmake_args' from command line to 'None'
[0.152s] Level 5:colcon.colcon_core.verb:set package 'uni_node' build argument 'cmake_target' from command line to 'None'
[0.152s] Level 5:colcon.colcon_core.verb:set package 'uni_node' build argument 'cmake_target_skip_unavailable' from command line to 'False'
[0.152s] Level 5:colcon.colcon_core.verb:set package 'uni_node' build argument 'cmake_clean_cache' from command line to 'False'
[0.152s] Level 5:colcon.colcon_core.verb:set package 'uni_node' build argument 'cmake_clean_first' from command line to 'False'
[0.152s] Level 5:colcon.colcon_core.verb:set package 'uni_node' build argument 'cmake_force_configure' from command line to 'False'
[0.152s] Level 5:colcon.colcon_core.verb:set package 'uni_node' build argument 'ament_cmake_args' from command line to 'None'
[0.152s] Level 5:colcon.colcon_core.verb:set package 'uni_node' build argument 'catkin_cmake_args' from command line to 'None'
[0.152s] Level 5:colcon.colcon_core.verb:set package 'uni_node' build argument 'catkin_skip_building_tests' from command line to 'False'
[0.152s] DEBUG:colcon.colcon_core.verb:Building package 'uni_node' with the following arguments: {'ament_cmake_args': None, 'build_base': '/home/kimseongmin/irdl_ws/src/irdl_tutorial/playground/build/uni_node', 'catkin_cmake_args': None, 'catkin_skip_building_tests': False, 'cmake_args': None, 'cmake_clean_cache': False, 'cmake_clean_first': False, 'cmake_force_configure': False, 'cmake_target': None, 'cmake_target_skip_unavailable': False, 'install_base': '/home/kimseongmin/irdl_ws/src/irdl_tutorial/playground/install/uni_node', 'merge_install': False, 'path': '/home/kimseongmin/irdl_ws/src/irdl_tutorial/playground/uni_node', 'symlink_install': True, 'test_result_base': None}
[0.152s] INFO:colcon.colcon_core.executor:Executing jobs using 'parallel' executor
[0.153s] DEBUG:colcon.colcon_parallel_executor.executor.parallel:run_until_complete
[0.153s] INFO:colcon.colcon_ros.task.ament_cmake.build:Building ROS package in '/home/kimseongmin/irdl_ws/src/irdl_tutorial/playground/example/example_cpp_node' with build type 'ament_cmake'
[0.153s] INFO:colcon.colcon_cmake.task.cmake.build:Building CMake package in '/home/kimseongmin/irdl_ws/src/irdl_tutorial/playground/example/example_cpp_node'
[0.156s] INFO:colcon.colcon_core.plugin_system:Skipping extension 'colcon_core.shell.bat': Not used on non-Windows systems
[0.156s] INFO:colcon.colcon_core.shell:Skip shell extension 'powershell' for command environment: Not usable outside of PowerShell
[0.156s] DEBUG:colcon.colcon_core.shell:Skip shell extension 'dsv' for command environment
[0.157s] INFO:colcon.colcon_ros.task.ament_cmake.build:Building ROS package in '/home/kimseongmin/irdl_ws/src/irdl_tutorial/playground/example/fake_gps_pub_node' with build type 'ament_cmake'
[0.157s] INFO:colcon.colcon_cmake.task.cmake.build:Building CMake package in '/home/kimseongmin/irdl_ws/src/irdl_tutorial/playground/example/fake_gps_pub_node'
[0.157s] INFO:colcon.colcon_core.shell:Skip shell extension 'powershell' for command environment: Not usable outside of PowerShell
[0.157s] DEBUG:colcon.colcon_core.shell:Skip shell extension 'dsv' for command environment
[0.158s] INFO:colcon.colcon_ros.task.ament_cmake.build:Building ROS package in '/home/kimseongmin/irdl_ws/src/irdl_tutorial/playground/example/gps_to_utm_node' with build type 'ament_cmake'
[0.158s] INFO:colcon.colcon_cmake.task.cmake.build:Building CMake package in '/home/kimseongmin/irdl_ws/src/irdl_tutorial/playground/example/gps_to_utm_node'
[0.158s] INFO:colcon.colcon_core.shell:Skip shell extension 'powershell' for command environment: Not usable outside of PowerShell
[0.158s] DEBUG:colcon.colcon_core.shell:Skip shell extension 'dsv' for command environment
[0.158s] INFO:colcon.colcon_ros.task.ament_cmake.build:Building ROS package in '/home/kimseongmin/irdl_ws/src/irdl_tutorial/playground/example2/intruder_node' with build type 'ament_cmake'
[0.159s] INFO:colcon.colcon_cmake.task.cmake.build:Building CMake package in '/home/kimseongmin/irdl_ws/src/irdl_tutorial/playground/example2/intruder_node'
[0.159s] INFO:colcon.colcon_core.shell:Skip shell extension 'powershell' for command environment: Not usable outside of PowerShell
[0.159s] DEBUG:colcon.colcon_core.shell:Skip shell extension 'dsv' for command environment
[0.159s] INFO:colcon.colcon_ros.task.ament_cmake.build:Building ROS package in '/home/kimseongmin/irdl_ws/src/irdl_tutorial/playground/example2/ownship_node' with build type 'ament_cmake'
[0.159s] INFO:colcon.colcon_cmake.task.cmake.build:Building CMake package in '/home/kimseongmin/irdl_ws/src/irdl_tutorial/playground/example2/ownship_node'
[0.159s] INFO:colcon.colcon_core.shell:Skip shell extension 'powershell' for command environment: Not usable outside of PowerShell
[0.159s] DEBUG:colcon.colcon_core.shell:Skip shell extension 'dsv' for command environment
[0.160s] INFO:colcon.colcon_ros.task.ament_cmake.build:Building ROS package in '/home/kimseongmin/irdl_ws/src/irdl_tutorial/playground/example/radar_monitor_node' with build type 'ament_cmake'
[0.160s] INFO:colcon.colcon_cmake.task.cmake.build:Building CMake package in '/home/kimseongmin/irdl_ws/src/irdl_tutorial/playground/example/radar_monitor_node'
[0.160s] INFO:colcon.colcon_core.shell:Skip shell extension 'powershell' for command environment: Not usable outside of PowerShell
[0.160s] DEBUG:colcon.colcon_core.shell:Skip shell extension 'dsv' for command environment
[0.161s] INFO:colcon.colcon_ros.task.ament_cmake.build:Building ROS package in '/home/kimseongmin/irdl_ws/src/irdl_tutorial/playground/example2/radar_node' with build type 'ament_cmake'
[0.161s] INFO:colcon.colcon_cmake.task.cmake.build:Building CMake package in '/home/kimseongmin/irdl_ws/src/irdl_tutorial/playground/example2/radar_node'
[0.161s] INFO:colcon.colcon_core.shell:Skip shell extension 'powershell' for command environment: Not usable outside of PowerShell
[0.161s] DEBUG:colcon.colcon_core.shell:Skip shell extension 'dsv' for command environment
[0.161s] INFO:colcon.colcon_ros.task.ament_cmake.build:Building ROS package in '/home/kimseongmin/irdl_ws/src/irdl_tutorial/playground/example/radar_system_node' with build type 'ament_cmake'
[0.161s] INFO:colcon.colcon_cmake.task.cmake.build:Building CMake package in '/home/kimseongmin/irdl_ws/src/irdl_tutorial/playground/example/radar_system_node'
[0.161s] INFO:colcon.colcon_core.shell:Skip shell extension 'powershell' for command environment: Not usable outside of PowerShell
[0.161s] DEBUG:colcon.colcon_core.shell:Skip shell extension 'dsv' for command environment
[0.162s] INFO:colcon.colcon_ros.task.ament_cmake.build:Building ROS package in '/home/kimseongmin/irdl_ws/src/irdl_tutorial/playground/example/random_flight_gps_node' with build type 'ament_cmake'
[0.162s] INFO:colcon.colcon_cmake.task.cmake.build:Building CMake package in '/home/kimseongmin/irdl_ws/src/irdl_tutorial/playground/example/random_flight_gps_node'
[0.162s] INFO:colcon.colcon_core.shell:Skip shell extension 'powershell' for command environment: Not usable outside of PowerShell
[0.162s] DEBUG:colcon.colcon_core.shell:Skip shell extension 'dsv' for command environment
[0.163s] INFO:colcon.colcon_ros.task.ament_cmake.build:Building ROS package in '/home/kimseongmin/irdl_ws/src/irdl_tutorial/playground/uni_node' with build type 'ament_cmake'
[0.163s] INFO:colcon.colcon_cmake.task.cmake.build:Building CMake package in '/home/kimseongmin/irdl_ws/src/irdl_tutorial/playground/uni_node'
[0.163s] INFO:colcon.colcon_core.shell:Skip shell extension 'powershell' for command environment: Not usable outside of PowerShell
[0.163s] DEBUG:colcon.colcon_core.shell:Skip shell extension 'dsv' for command environment
[0.166s] DEBUG:colcon.colcon_core.event_handler.log_command:Invoking command in '/home/kimseongmin/irdl_ws/src/irdl_tutorial/playground/build/example_cpp_node': DEBUGINFOD_URLS=https://debuginfod.ubuntu.com /usr/bin/cmake /home/kimseongmin/irdl_ws/src/irdl_tutorial/playground/example/example_cpp_node -DAMENT_CMAKE_SYMLINK_INSTALL=1 -DCMAKE_INSTALL_PREFIX=/home/kimseongmin/irdl_ws/src/irdl_tutorial/playground/install/example_cpp_node
[0.167s] DEBUG:colcon.colcon_core.event_handler.log_command:Invoking command in '/home/kimseongmin/irdl_ws/src/irdl_tutorial/playground/build/fake_gps_pub_node': DEBUGINFOD_URLS=https://debuginfod.ubuntu.com /usr/bin/cmake /home/kimseongmin/irdl_ws/src/irdl_tutorial/playground/example/fake_gps_pub_node -DAMENT_CMAKE_SYMLINK_INSTALL=1 -DCMAKE_INSTALL_PREFIX=/home/kimseongmin/irdl_ws/src/irdl_tutorial/playground/install/fake_gps_pub_node
[0.168s] DEBUG:colcon.colcon_core.event_handler.log_command:Invoking command in '/home/kimseongmin/irdl_ws/src/irdl_tutorial/playground/build/gps_to_utm_node': DEBUGINFOD_URLS=https://debuginfod.ubuntu.com /usr/bin/cmake /home/kimseongmin/irdl_ws/src/irdl_tutorial/playground/example/gps_to_utm_node -DAMENT_CMAKE_SYMLINK_INSTALL=1 -DCMAKE_INSTALL_PREFIX=/home/kimseongmin/irdl_ws/src/irdl_tutorial/playground/install/gps_to_utm_node
[0.169s] DEBUG:colcon.colcon_core.event_handler.log_command:Invoking command in '/home/kimseongmin/irdl_ws/src/irdl_tutorial/playground/build/intruder_node': DEBUGINFOD_URLS=https://debuginfod.ubuntu.com /usr/bin/cmake /home/kimseongmin/irdl_ws/src/irdl_tutorial/playground/example2/intruder_node -DAMENT_CMAKE_SYMLINK_INSTALL=1 -DCMAKE_INSTALL_PREFIX=/home/kimseongmin/irdl_ws/src/irdl_tutorial/playground/install/intruder_node
[0.170s] DEBUG:colcon.colcon_core.event_handler.log_command:Invoking command in '/home/kimseongmin/irdl_ws/src/irdl_tutorial/playground/build/ownship_node': DEBUGINFOD_URLS=https://debuginfod.ubuntu.com /usr/bin/cmake /home/kimseongmin/irdl_ws/src/irdl_tutorial/playground/example2/ownship_node -DAMENT_CMAKE_SYMLINK_INSTALL=1 -DCMAKE_INSTALL_PREFIX=/home/kimseongmin/irdl_ws/src/irdl_tutorial/playground/install/ownship_node
[0.171s] DEBUG:colcon.colcon_core.event_handler.log_command:Invoking command in '/home/kimseongmin/irdl_ws/src/irdl_tutorial/playground/build/radar_monitor_node': DEBUGINFOD_URLS=https://debuginfod.ubuntu.com /usr/bin/cmake /home/kimseongmin/irdl_ws/src/irdl_tutorial/playground/example/radar_monitor_node -DAMENT_CMAKE_SYMLINK_INSTALL=1 -DCMAKE_INSTALL_PREFIX=/home/kimseongmin/irdl_ws/src/irdl_tutorial/playground/install/radar_monitor_node
[0.172s] DEBUG:colcon.colcon_core.event_handler.log_command:Invoking command in '/home/kimseongmin/irdl_ws/src/irdl_tutorial/playground/build/radar_node': DEBUGINFOD_URLS=https://debuginfod.ubuntu.com /usr/bin/cmake /home/kimseongmin/irdl_ws/src/irdl_tutorial/playground/example2/radar_node -DAMENT_CMAKE_SYMLINK_INSTALL=1 -DCMAKE_INSTALL_PREFIX=/home/kimseongmin/irdl_ws/src/irdl_tutorial/playground/install/radar_node
[0.175s] DEBUG:colcon.colcon_core.event_handler.log_command:Invoking command in '/home/kimseongmin/irdl_ws/src/irdl_tutorial/playground/build/radar_system_node': DEBUGINFOD_URLS=https://debuginfod.ubuntu.com /usr/bin/cmake /home/kimseongmin/irdl_ws/src/irdl_tutorial/playground/example/radar_system_node -DAMENT_CMAKE_SYMLINK_INSTALL=1 -DCMAKE_INSTALL_PREFIX=/home/kimseongmin/irdl_ws/src/irdl_tutorial/playground/install/radar_system_node
[0.177s] DEBUG:colcon.colcon_core.event_handler.log_command:Invoking command in '/home/kimseongmin/irdl_ws/src/irdl_tutorial/playground/build/random_flight_gps_node': DEBUGINFOD_URLS=https://debuginfod.ubuntu.com /usr/bin/cmake /home/kimseongmin/irdl_ws/src/irdl_tutorial/playground/example/random_flight_gps_node -DAMENT_CMAKE_SYMLINK_INSTALL=1 -DCMAKE_INSTALL_PREFIX=/home/kimseongmin/irdl_ws/src/irdl_tutorial/playground/install/random_flight_gps_node
[0.182s] DEBUG:colcon.colcon_core.event_handler.log_command:Invoking command in '/home/kimseongmin/irdl_ws/src/irdl_tutorial/playground/build/uni_node': DEBUGINFOD_URLS=https://debuginfod.ubuntu.com /usr/bin/cmake /home/kimseongmin/irdl_ws/src/irdl_tutorial/playground/uni_node -DAMENT_CMAKE_SYMLINK_INSTALL=1 -DCMAKE_INSTALL_PREFIX=/home/kimseongmin/irdl_ws/src/irdl_tutorial/playground/install/uni_node
[0.438s] DEBUG:colcon.colcon_core.event_handler.log_command:Invoked command in '/home/kimseongmin/irdl_ws/src/irdl_tutorial/playground/build/uni_node' returned '1': DEBUGINFOD_URLS=https://debuginfod.ubuntu.com /usr/bin/cmake /home/kimseongmin/irdl_ws/src/irdl_tutorial/playground/uni_node -DAMENT_CMAKE_SYMLINK_INSTALL=1 -DCMAKE_INSTALL_PREFIX=/home/kimseongmin/irdl_ws/src/irdl_tutorial/playground/install/uni_node
[0.445s] DEBUG:colcon.colcon_core.event_handler.log_command:Invoked command in '/home/kimseongmin/irdl_ws/src/irdl_tutorial/playground/build/radar_system_node' returned '1': DEBUGINFOD_URLS=https://debuginfod.ubuntu.com /usr/bin/cmake /home/kimseongmin/irdl_ws/src/irdl_tutorial/playground/example/radar_system_node -DAMENT_CMAKE_SYMLINK_INSTALL=1 -DCMAKE_INSTALL_PREFIX=/home/kimseongmin/irdl_ws/src/irdl_tutorial/playground/install/radar_system_node
[0.447s] Level 1:colcon.colcon_core.environment:create_environment_scripts_only(uni_node)
[0.459s] Level 1:colcon.colcon_core.environment:checking '/home/kimseongmin/irdl_ws/src/irdl_tutorial/playground/install/uni_node' for CMake module files
[0.459s] Level 1:colcon.colcon_core.environment:checking '/home/kimseongmin/irdl_ws/src/irdl_tutorial/playground/install/uni_node' for CMake config files
[0.460s] Level 1:colcon.colcon_core.environment:checking '/home/kimseongmin/irdl_ws/src/irdl_tutorial/playground/install/uni_node/bin'
[0.460s] Level 1:colcon.colcon_core.environment:checking '/home/kimseongmin/irdl_ws/src/irdl_tutorial/playground/install/uni_node/lib/pkgconfig/uni_node.pc'
[0.461s] Level 1:colcon.colcon_core.environment:checking '/home/kimseongmin/irdl_ws/src/irdl_tutorial/playground/install/uni_node/lib/python3.12/site-packages'
[0.461s] Level 1:colcon.colcon_core.environment:checking '/home/kimseongmin/irdl_ws/src/irdl_tutorial/playground/install/uni_node/bin'
[0.461s] INFO:colcon.colcon_core.shell:Creating package script '/home/kimseongmin/irdl_ws/src/irdl_tutorial/playground/install/uni_node/share/uni_node/package.ps1'
[0.463s] INFO:colcon.colcon_core.shell:Creating package descriptor '/home/kimseongmin/irdl_ws/src/irdl_tutorial/playground/install/uni_node/share/uni_node/package.dsv'
[0.463s] INFO:colcon.colcon_core.shell:Creating package script '/home/kimseongmin/irdl_ws/src/irdl_tutorial/playground/install/uni_node/share/uni_node/package.sh'
[0.464s] INFO:colcon.colcon_core.shell:Creating package script '/home/kimseongmin/irdl_ws/src/irdl_tutorial/playground/install/uni_node/share/uni_node/package.bash'
[0.464s] INFO:colcon.colcon_core.shell:Creating package script '/home/kimseongmin/irdl_ws/src/irdl_tutorial/playground/install/uni_node/share/uni_node/package.zsh'
[0.464s] Level 1:colcon.colcon_core.environment:create_file_with_runtime_dependencies(/home/kimseongmin/irdl_ws/src/irdl_tutorial/playground/install/uni_node/share/colcon-core/packages/uni_node)
[0.477s] DEBUG:colcon.colcon_parallel_executor.executor.parallel:closing loop
[0.477s] DEBUG:colcon.colcon_parallel_executor.executor.parallel:loop closed
[0.477s] DEBUG:colcon.colcon_parallel_executor.executor.parallel:run_until_complete finished with '1'
[0.477s] DEBUG:colcon.colcon_core.event_reactor:joining thread
[0.482s] INFO:colcon.colcon_core.plugin_system:Skipping extension 'colcon_notification.desktop_notification.terminal_notifier': Not used on non-Darwin systems
[0.483s] INFO:colcon.colcon_core.plugin_system:Skipping extension 'colcon_notification.desktop_notification.win32': Not used on non-Windows systems
[0.483s] INFO:colcon.colcon_notification.desktop_notification:Sending desktop notification using 'notify2'
[0.494s] DEBUG:colcon.colcon_core.event_reactor:joined thread
[0.494s] INFO:colcon.colcon_core.shell:Creating prefix script '/home/kimseongmin/irdl_ws/src/irdl_tutorial/playground/install/local_setup.ps1'
[0.495s] INFO:colcon.colcon_core.shell:Creating prefix util module '/home/kimseongmin/irdl_ws/src/irdl_tutorial/playground/install/_local_setup_util_ps1.py'
[0.495s] INFO:colcon.colcon_core.shell:Creating prefix chain script '/home/kimseongmin/irdl_ws/src/irdl_tutorial/playground/install/setup.ps1'
[0.496s] INFO:colcon.colcon_core.shell:Creating prefix script '/home/kimseongmin/irdl_ws/src/irdl_tutorial/playground/install/local_setup.sh'
[0.496s] INFO:colcon.colcon_core.shell:Creating prefix util module '/home/kimseongmin/irdl_ws/src/irdl_tutorial/playground/install/_local_setup_util_sh.py'
[0.496s] INFO:colcon.colcon_core.shell:Creating prefix chain script '/home/kimseongmin/irdl_ws/src/irdl_tutorial/playground/install/setup.sh'
[0.497s] INFO:colcon.colcon_core.shell:Creating prefix script '/home/kimseongmin/irdl_ws/src/irdl_tutorial/playground/install/local_setup.bash'
[0.497s] INFO:colcon.colcon_core.shell:Creating prefix chain script '/home/kimseongmin/irdl_ws/src/irdl_tutorial/playground/install/setup.bash'
[0.497s] INFO:colcon.colcon_core.shell:Creating prefix script '/home/kimseongmin/irdl_ws/src/irdl_tutorial/playground/install/local_setup.zsh'
[0.498s] INFO:colcon.colcon_core.shell:Creating prefix chain script '/home/kimseongmin/irdl_ws/src/irdl_tutorial/playground/install/setup.zsh'
