[0.010s] Invoking command in '/home/kimseongmin/irdl_ws/src/irdl_tutorial/playground/build/radar_monitor_node': DEBUGINFOD_URLS=https://debuginfod.ubuntu.com /usr/bin/cmake /home/kimseongmin/irdl_ws/src/irdl_tutorial/playground/example/radar_monitor_node -DAMENT_CMAKE_SYMLINK_INSTALL=1 -DCMAKE_INSTALL_PREFIX=/home/kimseongmin/irdl_ws/src/irdl_tutorial/playground/install/radar_monitor_node
[0.068s] -- The C compiler identification is GNU 13.3.0
[0.125s] -- The CXX compiler identification is GNU 13.3.0
[0.134s] -- Detecting C compiler ABI info
[0.185s] -- Detecting C compiler ABI info - done
[0.194s] -- Check for working C compiler: /usr/bin/cc - skipped
[0.194s] -- Detecting C compile features
[0.194s] -- Detecting C compile features - done
[0.201s] -- Detecting CXX compiler ABI info
[0.274s] -- Detecting CXX compiler ABI info - done
[0.283s] -- Check for working CXX compiler: /usr/bin/c++ - skipped
[0.284s] -- Detecting CXX compile features
[0.284s] -- Detecting CXX compile features - done
[0.294s] [31mCMake Error at CMakeLists.txt:8 (find_package):
[0.294s]   By not providing "Findament_cmake_auto.cmake" in CMAKE_MODULE_PATH this
[0.294s]   project has asked CMake to find a package configuration file provided by
[0.294s]   "ament_cmake_auto", but CMake did not find one.
[0.294s] 
[0.294s]   Could not find a package configuration file provided by "ament_cmake_auto"
[0.294s]   with any of the following names:
[0.294s] 
[0.294s]     ament_cmake_autoConfig.cmake
[0.294s]     ament_cmake_auto-config.cmake
[0.295s] 
[0.295s]   Add the installation prefix of "ament_cmake_auto" to CMAKE_PREFIX_PATH or
[0.295s]   set "ament_cmake_auto_DIR" to a directory containing one of the above
[0.295s]   files.  If "ament_cmake_auto" provides a separate development package or
[0.295s]   SDK, be sure it has been installed.
[0.295s] 
[0.295s] -- Configuring incomplete, errors occurred!
[0.295s] [0m
