[0.013s] Invoking command in '/home/kimseongmin/irdl_ws/src/irdl_tutorial/playground/build/radar_system_node': DEBUGINFOD_URLS=https://debuginfod.ubuntu.com /usr/bin/cmake /home/kimseongmin/irdl_ws/src/irdl_tutorial/playground/example/radar_system_node -DAMENT_CMAKE_SYMLINK_INSTALL=1 -DCMAKE_INSTALL_PREFIX=/home/kimseongmin/irdl_ws/src/irdl_tutorial/playground/install/radar_system_node
[0.067s] -- The C compiler identification is GNU 13.3.0
[0.121s] -- The CXX compiler identification is GNU 13.3.0
[0.131s] -- Detecting C compiler ABI info
[0.184s] -- Detecting C compiler ABI info - done
[0.190s] -- Check for working C compiler: /usr/bin/cc - skipped
[0.190s] -- Detecting C compile features
[0.191s] -- Detecting C compile features - done
[0.199s] -- Detecting CXX compiler ABI info
[0.259s] -- Detecting CXX compiler ABI info - done
[0.270s] -- Check for working CXX compiler: /usr/bin/c++ - skipped
[0.270s] -- Detecting CXX compile features
[0.271s] -- Detecting CXX compile features - done
[0.279s] [31mCMake Error at CMakeLists.txt:8 (find_package):
[0.279s]   By not providing "Findament_cmake_auto.cmake" in CMAKE_MODULE_PATH this
[0.279s]   project has asked CMake to find a package configuration file provided by
[0.279s]   "ament_cmake_auto", but CMake did not find one.
[0.280s] 
[0.280s]   Could not find a package configuration file provided by "ament_cmake_auto"
[0.280s]   with any of the following names:
[0.280s] 
[0.280s]     ament_cmake_autoConfig.cmake
[0.280s]     ament_cmake_auto-config.cmake
[0.280s] 
[0.280s]   Add the installation prefix of "ament_cmake_auto" to CMAKE_PREFIX_PATH or
[0.280s]   set "ament_cmake_auto_DIR" to a directory containing one of the above
[0.280s]   files.  If "ament_cmake_auto" provides a separate development package or
[0.280s]   SDK, be sure it has been installed.
[0.280s] 
[0.280s] [0m
[0.281s] -- Configuring incomplete, errors occurred!
[0.283s] Invoked command in '/home/kimseongmin/irdl_ws/src/irdl_tutorial/playground/build/radar_system_node' returned '1': DEBUGINFOD_URLS=https://debuginfod.ubuntu.com /usr/bin/cmake /home/kimseongmin/irdl_ws/src/irdl_tutorial/playground/example/radar_system_node -DAMENT_CMAKE_SYMLINK_INSTALL=1 -DCMAKE_INSTALL_PREFIX=/home/kimseongmin/irdl_ws/src/irdl_tutorial/playground/install/radar_system_node
