[0.010s] Invoking command in '/home/kimseongmin/irdl_ws/src/irdl_tutorial/playground/build/intruder_node': DEBUGINFOD_URLS=https://debuginfod.ubuntu.com /usr/bin/cmake /home/kimseongmin/irdl_ws/src/irdl_tutorial/playground/example2/intruder_node -DAMENT_CMAKE_SYMLINK_INSTALL=1 -DCMAKE_INSTALL_PREFIX=/home/kimseongmin/irdl_ws/src/irdl_tutorial/playground/install/intruder_node
[0.071s] -- The C compiler identification is GNU 13.3.0
[0.136s] -- The CXX compiler identification is GNU 13.3.0
[0.148s] -- Detecting C compiler ABI info
[0.201s] -- Detecting C compiler ABI info - done
[0.211s] -- Check for working C compiler: /usr/bin/cc - skipped
[0.212s] -- Detecting C compile features
[0.212s] -- Detecting C compile features - done
[0.219s] -- Detecting CXX compiler ABI info
[0.283s] -- Detecting CXX compiler ABI info - done
[0.293s] -- Check for working CXX compiler: /usr/bin/c++ - skipped
[0.293s] -- Detecting CXX compile features
[0.293s] -- Detecting CXX compile features - done
[0.296s] [31mCMake Error at CMakeLists.txt:8 (find_package):
[0.296s]   By not providing "Findament_cmake_auto.cmake" in CMAKE_MODULE_PATH this
[0.296s]   project has asked CMake to find a package configuration file provided by
[0.297s]   "ament_cmake_auto", but CMake did not find one.
[0.297s] 
[0.297s]   Could not find a package configuration file provided by "ament_cmake_auto"
[0.297s]   with any of the following names:
[0.297s] 
[0.297s]     ament_cmake_autoConfig.cmake
[0.297s]     ament_cmake_auto-config.cmake
[0.297s] 
[0.297s]   Add the installation prefix of "ament_cmake_auto" to CMAKE_PREFIX_PATH or
[0.297s]   set "ament_cmake_auto_DIR" to a directory containing one of the above
[0.297s]   files.  If "ament_cmake_auto" provides a separate development package or
[0.297s]   SDK, be sure it has been installed.
[0.297s] 
[0.298s] [0m
[0.298s] -- Configuring incomplete, errors occurred!
