[0.011s] Invoking command in '/home/kimseongmin/irdl_ws/src/irdl_tutorial/playground/build/radar_node': DEBUGINFOD_URLS=https://debuginfod.ubuntu.com /usr/bin/cmake /home/kimseongmin/irdl_ws/src/irdl_tutorial/playground/example2/radar_node -DAMENT_CMAKE_SYMLINK_INSTALL=1 -DCMAKE_INSTALL_PREFIX=/home/kimseongmin/irdl_ws/src/irdl_tutorial/playground/install/radar_node
[0.073s] -- The C compiler identification is GNU 13.3.0
[0.126s] -- The CXX compiler identification is GNU 13.3.0
[0.136s] -- Detecting C compiler ABI info
[0.194s] -- Detecting C compiler ABI info - done
[0.199s] -- Check for working C compiler: /usr/bin/cc - skipped
[0.199s] -- Detecting C compile features
[0.199s] -- Detecting C compile features - done
[0.204s] -- Detecting CXX compiler ABI info
[0.276s] -- Detecting CXX compiler ABI info - done
[0.282s] -- Check for working CXX compiler: /usr/bin/c++ - skipped
[0.282s] -- Detecting CXX compile features
[0.282s] -- Detecting CXX compile features - done
[0.290s] [31mCMake Error at CMakeLists.txt:8 (find_package):
[0.290s]   By not providing "Findament_cmake_auto.cmake" in CMAKE_MODULE_PATH this
[0.290s]   project has asked CMake to find a package configuration file provided by
[0.290s]   "ament_cmake_auto", but CMake did not find one.
[0.290s] 
[0.290s]   Could not find a package configuration file provided by "ament_cmake_auto"
[0.290s]   with any of the following names:
[0.290s] 
[0.290s]     ament_cmake_autoConfig.cmake
[0.290s]     ament_cmake_auto-config.cmake
[0.290s] 
[0.290s]   Add the installation prefix of "ament_cmake_auto" to CMAKE_PREFIX_PATH or
[0.291s]   set "ament_cmake_auto_DIR" to a directory containing one of the above
[0.291s]   files.  If "ament_cmake_auto" provides a separate development package or
[0.291s]   SDK, be sure it has been installed.
[0.291s] 
[0.291s] [0m
[0.291s] -- Configuring incomplete, errors occurred!
