[0.012s] Invoking command in '/home/kimseongmin/irdl_ws/src/irdl_tutorial/playground/build/example_cpp_node': DEBUGINFOD_URLS=https://debuginfod.ubuntu.com /usr/bin/cmake /home/kimseongmin/irdl_ws/src/irdl_tutorial/playground/example/example_cpp_node -DAMENT_CMAKE_SYMLINK_INSTALL=1 -DCMAKE_INSTALL_PREFIX=/home/kimseongmin/irdl_ws/src/irdl_tutorial/playground/install/example_cpp_node
[0.074s] -- The C compiler identification is GNU 13.3.0
[0.126s] -- The CXX compiler identification is GNU 13.3.0
[0.139s] -- Detecting C compiler ABI info
[0.192s] -- Detecting C compiler ABI info - done
[0.202s] -- Check for working C compiler: /usr/bin/cc - skipped
[0.202s] -- Detecting C compile features
[0.203s] -- Detecting C compile features - done
[0.208s] -- Detecting CXX compiler ABI info
[0.283s] -- Detecting CXX compiler ABI info - done
[0.289s] -- Check for working CXX compiler: /usr/bin/c++ - skipped
[0.289s] -- Detecting CXX compile features
[0.289s] -- Detecting CXX compile features - done
[0.293s] [31mCMake Error at CMakeLists.txt:14 (find_package):
[0.294s]   By not providing "Findament_cmake_auto.cmake" in CMAKE_MODULE_PATH this
[0.294s]   project has asked CMake to find a package configuration file provided by
[0.294s]   "ament_cmake_auto", but CMake did not find one.
[0.294s] 
[0.294s]   Could not find a package configuration file provided by "ament_cmake_auto"
[0.294s]   with any of the following names:
[0.294s] 
[0.294s]     ament_cmake_autoConfig.cmake
[0.294s]     ament_cmake_auto-config.cmake
[0.294s] 
[0.294s]   Add the installation prefix of "ament_cmake_auto" to CMAKE_PREFIX_PATH or
[0.294s]   set "ament_cmake_auto_DIR" to a directory containing one of the above
[0.294s]   files.  If "ament_cmake_auto" provides a separate development package or
[0.295s]   SDK, be sure it has been installed.
[0.295s] 
[0.295s] [0m
[0.295s] -- Configuring incomplete, errors occurred!
