[0.019s] Invoking command in '/home/kimseongmin/irdl_ws/src/irdl_tutorial/playground/build/uni_node': DEBUGINFOD_URLS=https://debuginfod.ubuntu.com /usr/bin/cmake /home/kimseongmin/irdl_ws/src/irdl_tutorial/playground/uni_node -DAMENT_CMAKE_SYMLINK_INSTALL=1 -DCMAKE_INSTALL_PREFIX=/home/kimseongmin/irdl_ws/src/irdl_tutorial/playground/install/uni_node
[0.065s] -- The C compiler identification is GNU 13.3.0
[0.121s] -- The CXX compiler identification is GNU 13.3.0
[0.133s] -- Detecting C compiler ABI info
[0.190s] -- Detecting C compiler ABI info - done
[0.196s] -- Check for working C compiler: /usr/bin/cc - skipped
[0.196s] -- Detecting C compile features
[0.196s] -- Detecting C compile features - done
[0.202s] -- Detecting CXX compiler ABI info
[0.259s] -- Detecting CXX compiler ABI info - done
[0.264s] -- Check for working CXX compiler: /usr/bin/c++ - skipped
[0.265s] -- Detecting CXX compile features
[0.265s] -- Detecting CXX compile features - done
[0.273s] [31mCMake Error at CMakeLists.txt:8 (find_package):
[0.273s]   By not providing "Findament_cmake.cmake" in CMAKE_MODULE_PATH this project
[0.273s]   has asked CMake to find a package configuration file provided by
[0.273s]   "ament_cmake", but CMake did not find one.
[0.273s] 
[0.273s]   Could not find a package configuration file provided by "ament_cmake" with
[0.273s]   any of the following names:
[0.273s] 
[0.273s]     ament_cmakeConfig.cmake
[0.274s]     ament_cmake-config.cmake
[0.274s] 
[0.274s]   Add the installation prefix of "ament_cmake" to CMAKE_PREFIX_PATH or set
[0.274s]   "ament_cmake_DIR" to a directory containing one of the above files.  If
[0.274s]   "ament_cmake" provides a separate development package or SDK, be sure it
[0.274s]   has been installed.
[0.274s] 
[0.274s] [0m
[0.274s] -- Configuring incomplete, errors occurred!
[0.275s] Invoked command in '/home/kimseongmin/irdl_ws/src/irdl_tutorial/playground/build/uni_node' returned '1': DEBUGINFOD_URLS=https://debuginfod.ubuntu.com /usr/bin/cmake /home/kimseongmin/irdl_ws/src/irdl_tutorial/playground/uni_node -DAMENT_CMAKE_SYMLINK_INSTALL=1 -DCMAKE_INSTALL_PREFIX=/home/kimseongmin/irdl_ws/src/irdl_tutorial/playground/install/uni_node
